time,logger,level,database,message,exception
2013-09-09 00:01:23.8977,Raven.Database.Indexing.WorkContext,Debug,<system>,"No work was found, workerWorkCounter: 1, for: ReducingExecuter, will wait for additional work",
2013-09-09 00:01:24.0197,Raven.Database.Indexing.WorkContext,Debug,<system>,"No work was found, workerWorkCounter: 1, for: IndexingExecuter, will wait for additional work",
2013-09-09 00:09:14.4607,Raven.Database.Indexing.WorkContext,Debug,<system>,Incremented work counter to 2 because: PUT Raven/Databases/EmberTinkererDB,
2013-09-09 00:09:14.4607,Raven.Database.Indexing.WorkContext,Debug,<system>,"No work was found, workerWorkCounter: 2, for: ReducingExecuter, will wait for additional work",
2013-09-09 00:09:14.4607,Raven.Database.DocumentDatabase,Debug,<system>,Put document Raven/Databases/EmberTinkererDB with etag 01000000-0000-0001-0000-000000000001,
2013-09-09 00:09:14.4607,Raven.Database.Server.HttpServer,Debug,,Request #  20: PUT     -   756 ms - <system>   - 200 - /admin/databases/EmberTinkererDB,
2013-09-09 00:09:14.5357,Raven.Database.Server.HttpServer,Debug,,Request #  21: GET     -    44 ms - <system>   - 200 - /stats?noCache=-1645213718,
2013-09-09 00:09:14.7297,Raven.Database.Indexing.AbstractIndexingExecuter,Debug,<system>,Found a total of 1 documents that requires indexing since etag: 00000000-0000-0000-0000-000000000000: (Raven/Databases/EmberTinkererDB),
2013-09-09 00:09:14.8858,Raven.Database.Impl.DocumentCacher,Info,EmberTinkererDB,"MemoryCache Settings:
  PhysicalMemoryLimit = 99
  CacheMemoryLimit    = 3159359488
  PollingInterval     = 00:02:00",
2013-09-09 00:09:14.9498,Raven.Database.Impl.DocumentRetriever,Debug,,Trigger Raven.Database.Plugins.Builtins.FilterRavenInternalDocumentsReadTrigger asked us to ignore Raven/Databases/EmberTinkererDB,
2013-09-09 00:09:14.9498,Raven.Database.Indexing.AbstractIndexingExecuter,Debug,<system>,"After read triggers executed, 1 documents remained",
2013-09-09 00:09:15.0088,Raven.Database.Indexing.WorkContext,Debug,EmberTinkererDB,"No work was found, workerWorkCounter: 0, for: IndexingExecuter, will wait for additional work",
2013-09-09 00:09:15.0088,Raven.Database.Indexing.WorkContext,Debug,EmberTinkererDB,"No work was found, workerWorkCounter: 0, for: ReducingExecuter, will wait for additional work",
2013-09-09 00:09:15.0498,Raven.Database.Indexing.AbstractIndexingExecuter,Debug,<system>,"Going to index 1 documents in IndexName: Raven/DocumentsByEntityName, LastIndexedEtag: 00000000-0000-0000-0000-000000000000: (Raven/Databases/EmberTinkererDB)",
2013-09-09 00:09:15.1158,Raven.Database.Indexing.AbstractIndexingExecuter,Debug,,Indexing 1 documents for index: Raven/DocumentsByEntityName. (Raven/Databases/EmberTinkererDB),
2013-09-09 00:09:15.3768,Raven.Database.Server.HttpServer,Debug,,Request #  22: GET     -    45 ms - <system>   - 200 - /databases?pageSize=1024&noCache=-1462193699,
2013-09-09 00:09:15.7008,Raven.Database.Indexing.Index.Indexing,Debug,,Indexed 0 documents for Raven/DocumentsByEntityName,
2013-09-09 00:09:15.7328,Raven.Database.Indexing.AbstractIndexingExecuter,Debug,,"After indexing 1 documents, the new last etag for is: 01000000-0000-0001-0000-000000000001 for Raven/DocumentsByEntityName",
2013-09-09 00:09:15.8199,Raven.Database.Indexing.WorkContext,Debug,,Incremented work counter to 3 because: WORK BY IndexingExecuter,
2013-09-09 00:09:15.8199,Raven.Database.Indexing.WorkContext,Debug,<system>,"No work was found, workerWorkCounter: 3, for: ReducingExecuter, will wait for additional work",
2013-09-09 00:09:15.8199,Raven.Database.Indexing.WorkContext,Debug,,"No work was found, workerWorkCounter: 3, for: IndexingExecuter, will wait for additional work",
2013-09-09 00:09:15.9599,Raven.Database.Storage.IndexDefinitionStorage,Info,EmberTinkererDB,"New index Raven%2fDocumentsByEntityName:
using Raven.Abstractions;
using Raven.Database.Linq;
using System.Linq;
using System.Collections.Generic;
using System.Collections;
using System;
using Raven.Database.Linq.PrivateExtensions;
using Lucene.Net.Documents;
using System.Globalization;
using System.Text.RegularExpressions;
using Raven.Database.Indexing;


public class Index_Raven_2fDocumentsByEntityName : Raven.Database.Linq.AbstractViewGenerator
{
	public Index_Raven_2fDocumentsByEntityName()
	{
		this.ViewText = @""from doc in docs 
let Tag = doc[""""@metadata""""][""""Raven-Entity-Name""""]
select new { Tag, LastModified = (DateTime)doc[""""@metadata""""][""""Last-Modified""""] };"";
		this.AddMapDefinition(docs => 
			from doc in docs
			let Tag = doc[""@metadata""][""Raven-Entity-Name""]
			select new {
				Tag,
				LastModified = (DateTime)doc[""@metadata""][""Last-Modified""],
				__document_id = doc.__document_id
			});
		this.AddField(""LastModified"");
		this.AddField(""__document_id"");
		this.AddField(""Tag"");
		this.AddQueryParameterForMap(""__document_id"");
		this.AddQueryParameterForReduce(""__document_id"");
	}
}

Compiled to:
using Raven.Abstractions;
using Raven.Database.Linq;
using System.Linq;
using System.Collections.Generic;
using System.Collections;
using System;
using Raven.Database.Linq.PrivateExtensions;
using Lucene.Net.Documents;
using System.Globalization;
using System.Text.RegularExpressions;
using Raven.Database.Indexing;


public class Index_Raven_2fDocumentsByEntityName : Raven.Database.Linq.AbstractViewGenerator
{
	public Index_Raven_2fDocumentsByEntityName()
	{
		this.ViewText = @""from doc in docs 
let Tag = doc[""""@metadata""""][""""Raven-Entity-Name""""]
select new { Tag, LastModified = (DateTime)doc[""""@metadata""""][""""Last-Modified""""] };"";
		this.AddMapDefinition(docs => 
			from doc in docs
			let Tag = doc[""@metadata""][""Raven-Entity-Name""]
			select new {
				Tag,
				LastModified = (DateTime)doc[""@metadata""][""Last-Modified""],
				__document_id = doc.__document_id
			});
		this.AddField(""LastModified"");
		this.AddField(""__document_id"");
		this.AddField(""Tag"");
		this.AddQueryParameterForMap(""__document_id"");
		this.AddQueryParameterForReduce(""__document_id"");
	}
}
",
2013-09-09 00:09:15.9599,Raven.Database.Indexing.IndexStorage,Debug,EmberTinkererDB,Creating index Raven/DocumentsByEntityName with encoded name Raven/DocumentsByEntityName,
2013-09-09 00:09:15.9599,Raven.Database.Indexing.Index.Indexing,Debug,EmberTinkererDB,Creating index for Raven/DocumentsByEntityName,
2013-09-09 00:09:15.9599,Raven.Database.Indexing.WorkContext,Debug,EmberTinkererDB,Incremented work counter to 1 because: PUT INDEX Raven/DocumentsByEntityName,
2013-09-09 00:09:15.9599,Raven.Database.Indexing.WorkContext,Debug,EmberTinkererDB,"No work was found, workerWorkCounter: 1, for: ReducingExecuter, will wait for additional work",
2013-09-09 00:09:15.9599,Raven.Database.Indexing.WorkContext,Debug,EmberTinkererDB,"No work was found, workerWorkCounter: 1, for: IndexingExecuter, will wait for additional work",
2013-09-09 00:09:15.9599,Raven.Database.Server.HttpServer,Debug,,"Request #  23: GET     - 1,490 ms - EmberTinkererDB - 200 - /silverlight/ensureStartup?noCache=-387683409",
2013-09-09 00:09:16.1299,Raven.Database.Server.HttpServer,Debug,,Request #  24: GET     -     1 ms - <system>   - 200 - /changes/config?id=1/Pr0WL&command=unwatch-docs&noCache=1406692060,
2013-09-09 00:09:16.1569,Raven.Database.Server.HttpServer,Debug,,Request #  25: GET     -     1 ms - <system>   - 200 - /changes/config?id=1/Pr0WL&command=unwatch-indexes&noCache=826712219,
2013-09-09 00:09:16.1679,Raven.Database.Server.HttpServer,Debug,EmberTinkererDB,Request #  26: GET     -     1 ms - EmberTinkererDB - 200 - /changes/events?id=2/1PZYsZ,
2013-09-09 00:09:16.1909,Raven.Database.Server.HttpServer,Debug,,Request #  27: GET     -    10 ms - <system>   - 200 - /changes/config?id=1/Pr0WL&command=disconnect&noCache=1283783078,
2013-09-09 00:09:16.2379,Raven.Database.Server.HttpServer,Debug,,Request #  28: GET     -     1 ms - EmberTinkererDB - 404 - /docs/Raven/Alerts?noCache=1808016777,
2013-09-09 00:09:16.2389,Raven.Database.Server.HttpServer,Debug,,Request #  29: GET     -     8 ms - <system>   - 200 - /changes/config?id=1/Pr0WL&command=unwatch-indexes&noCache=-629542999,
2013-09-09 00:09:16.2589,Raven.Database.Server.HttpServer,Debug,,Request #  30: GET     -    29 ms - <system>   - 200 - /docs/Raven/Databases/EmberTinkererDB?noCache=-403558526,
2013-09-09 00:09:16.2719,Raven.Database.Server.HttpServer,Debug,,Request #  31: GET     -     3 ms - EmberTinkererDB - 200 - /silverlight/ensureStartup?noCache=1726676079,
2013-09-09 00:09:16.2719,Raven.Database.Server.HttpServer,Debug,,Request #  32: GET     -     0 ms - <system>   - 200 - /changes/config?id=1/Pr0WL&command=disconnect&noCache=-1080335688,
2013-09-09 00:09:16.3559,Raven.Database.Server.HttpServer,Debug,,Request #  33: GET     -     0 ms - EmberTinkererDB - 200 - /changes/config?id=2/1PZYsZ&command=watch-doc&value=Raven/Alerts&noCache=1254996998,
2013-09-09 00:09:16.3699,Raven.Database.Server.HttpServer,Debug,,Request #  34: GET     -     0 ms - EmberTinkererDB - 200 - /changes/config?id=2/1PZYsZ&command=watch-docs&noCache=73940449,
2013-09-09 00:09:16.3819,Raven.Database.Server.Abstractions.HttpListenerContextAdpater,Info,,Failed to close response,"System.AggregateException: One or more errors occurred. ---> System.Net.HttpListenerException: An operation was attempted on a nonexistent network connection
   at System.Net.HttpResponseStream.Dispose(Boolean disposing)
   at System.IO.Stream.Close()
   at Raven.Database.Util.Streams.BufferPoolStream.Dispose(Boolean disposing) in c:\Builds\RavenDB-Stable\Raven.Database\Util\Streams\BufferPoolStream.cs:line 144
   at System.IO.Stream.Close()
   at Raven.Database.Impl.ExceptionAggregator.Execute(Action action) in c:\Builds\RavenDB-Stable\Raven.Database\Impl\ExceptionAggregator.cs:line 25
   --- End of inner exception stack trace ---
---> (Inner Exception #0) System.Net.HttpListenerException (0x80004005): An operation was attempted on a nonexistent network connection
   at System.Net.HttpResponseStream.Dispose(Boolean disposing)
   at System.IO.Stream.Close()
   at Raven.Database.Util.Streams.BufferPoolStream.Dispose(Boolean disposing) in c:\Builds\RavenDB-Stable\Raven.Database\Util\Streams\BufferPoolStream.cs:line 144
   at System.IO.Stream.Close()
   at Raven.Database.Impl.ExceptionAggregator.Execute(Action action) in c:\Builds\RavenDB-Stable\Raven.Database\Impl\ExceptionAggregator.cs:line 25<---
"
2013-09-09 00:09:16.3699,Raven.Database.Server.HttpServer,Debug,,Request #  35: GET     -     1 ms - EmberTinkererDB - 200 - /changes/config?id=2/1PZYsZ&command=watch-indexes&noCache=-503292373,
2013-09-09 00:09:16.3819,Raven.Database.Server.HttpServer,Debug,,Request #  37: GET     -   138 ms - EmberTinkererDB - 200 - /stats?noCache=-1625209152,
2013-09-09 00:09:16.3819,Raven.Database.Server.HttpServer,Debug,,Request #  36: GET     -   159 ms - EmberTinkererDB - 200 - /stats?noCache=-2057243202,
2013-09-09 00:09:16.4269,Raven.Database.Server.HttpServer,Debug,,Request #  39: GET     -     0 ms - EmberTinkererDB - 200 - /changes/config?id=2/1PZYsZ&command=watch-indexes&noCache=-838821039,
2013-09-09 00:09:16.4239,Raven.Database.Server.HttpServer,Debug,,Request #  38: GET     -     0 ms - EmberTinkererDB - 200 - /changes/config?id=2/1PZYsZ&command=watch-docs&noCache=-1000890217,
2013-09-09 00:09:16.5159,Raven.Database.Server.HttpServer,Debug,,Request #  40: GET     -    37 ms - <system>   - 200 - /stats?noCache=-317429831,
2013-09-09 00:09:25.2748,Raven.Database.Server.HttpServer,Debug,,Error when using events transport,"System.AggregateException: One or more errors occurred. ---> System.ObjectDisposedException: Cannot access a disposed object.
Object name: 'System.Net.HttpListenerResponse'.
   at System.Net.HttpListenerResponse.CheckDisposed()
   at Raven.Database.Server.Abstractions.HttpListenerResponseAdapter.WriteAsync(String data) in c:\Builds\RavenDB-Stable\Raven.Database\Server\Abstractions\HttpListenerResponseAdapter.cs:line 130
   --- End of inner exception stack trace ---
---> (Inner Exception #0) System.ObjectDisposedException: Cannot access a disposed object.
Object name: 'System.Net.HttpListenerResponse'.
   at System.Net.HttpListenerResponse.CheckDisposed()
   at Raven.Database.Server.Abstractions.HttpListenerResponseAdapter.WriteAsync(String data) in c:\Builds\RavenDB-Stable\Raven.Database\Server\Abstractions\HttpListenerResponseAdapter.cs:line 130<---
"
2013-09-09 00:09:59.0462,Raven.Database.Server.HttpServer,Debug,,Request #  41: GET     -    26 ms - EmberTinkererDB - 200 - /stats?noCache=-1609361438,
2013-09-09 00:15:03.7987,Raven.Database.Server.HttpServer,Debug,,Request #  42: GET     -    27 ms - EmberTinkererDB - 200 - /stats?noCache=-895153336,
2013-09-09 00:15:09.8813,Raven.Database.Server.HttpServer,Debug,,Request #  43: GET     -    28 ms - EmberTinkererDB - 200 - /stats?noCache=-34464777,
2013-09-09 00:16:11.7524,Raven.Database.Server.HttpServer,Debug,,Request #  44: GET     -    27 ms - EmberTinkererDB - 200 - /stats?noCache=1581403200,
2013-09-09 00:16:16.8770,Raven.Database.Server.HttpServer,Debug,,Request #  45: GET     -    30 ms - EmberTinkererDB - 200 - /stats?noCache=-1310948870,
2013-09-09 00:16:42.2215,Raven.Database.Server.HttpServer,Debug,,Request #  46: GET     -    27 ms - EmberTinkererDB - 200 - /stats?noCache=-312863436,
2013-09-09 00:16:53.3406,Raven.Database.Server.HttpServer,Debug,,Request #  47: GET     -    32 ms - EmberTinkererDB - 200 - /stats?noCache=115030245,
2013-09-09 00:18:54.1431,Raven.Database.Server.HttpServer,Debug,,Request #  48: GET     -    30 ms - EmberTinkererDB - 200 - /stats?noCache=289089486,
2013-09-09 00:19:15.8014,Raven.Database.Indexing.WorkContext,Debug,<system>,"No work was found, workerWorkCounter: 3, for: ReducingExecuter, will wait for additional work",
2013-09-09 00:19:15.8014,Raven.Database.Indexing.WorkContext,Debug,,"No work was found, workerWorkCounter: 3, for: IndexingExecuter, will wait for additional work",
2013-09-09 00:19:15.9444,Raven.Database.Indexing.WorkContext,Debug,EmberTinkererDB,"No work was found, workerWorkCounter: 1, for: ReducingExecuter, will wait for additional work",
2013-09-09 00:19:15.9444,Raven.Database.Indexing.WorkContext,Debug,EmberTinkererDB,"No work was found, workerWorkCounter: 1, for: IndexingExecuter, will wait for additional work",
2013-09-09 00:20:12.3408,Raven.Database.Server.HttpServer,Debug,,Request #  49: GET     -    26 ms - EmberTinkererDB - 200 - /stats?noCache=979446253,
2013-09-09 00:20:54.8618,Raven.Database.Server.HttpServer,Debug,,Request #  50: GET     -    28 ms - EmberTinkererDB - 200 - /stats?noCache=1952193575,
2013-09-09 00:21:54.6469,Raven.Database.Server.HttpServer,Debug,,Request #  51: GET     -    30 ms - EmberTinkererDB - 200 - /stats?noCache=-443953241,
2013-09-09 00:23:27.8865,Raven.Database.Server.HttpServer,Debug,,Request #  52: GET     -    26 ms - EmberTinkererDB - 200 - /stats?noCache=1655429355,
2013-09-09 00:25:22.5950,Raven.Database.Server.HttpServer,Debug,,Request #  53: GET     -    27 ms - EmberTinkererDB - 200 - /stats?noCache=-383083615,
2013-09-09 00:25:44.0089,Raven.Database.Server.HttpServer,Debug,,Request #  54: GET     -    30 ms - EmberTinkererDB - 200 - /stats?noCache=-1940092633,
2013-09-09 00:26:14.4218,Raven.Database.Server.HttpServer,Debug,,Request #  55: GET     -    26 ms - EmberTinkererDB - 200 - /stats?noCache=-1287746770,
2013-09-09 00:26:20.5282,Raven.Database.Server.HttpServer,Debug,,Request #  56: GET     -    43 ms - EmberTinkererDB - 200 - /stats?noCache=-550683514,
2013-09-09 00:26:58.0075,Raven.Database.Server.HttpServer,Debug,,Request #  57: GET     -    26 ms - EmberTinkererDB - 200 - /stats?noCache=1565723654,
2013-09-09 00:28:05.0008,Raven.Database.Server.HttpServer,Debug,,Request #  58: GET     -    33 ms - EmberTinkererDB - 200 - /stats?noCache=2121604873,
2013-09-09 00:29:10.9558,Raven.Database.Server.HttpServer,Debug,,Request #  59: GET     -    31 ms - EmberTinkererDB - 200 - /stats?noCache=-1816474221,
2013-09-09 00:29:15.6538,Raven.Database.Indexing.WorkContext,Debug,<system>,"No work was found, workerWorkCounter: 3, for: ReducingExecuter, will wait for additional work",
2013-09-09 00:29:15.6538,Raven.Database.Indexing.WorkContext,Debug,,"No work was found, workerWorkCounter: 3, for: IndexingExecuter, will wait for additional work",
2013-09-09 00:29:15.7968,Raven.Database.Indexing.WorkContext,Debug,EmberTinkererDB,"No work was found, workerWorkCounter: 1, for: ReducingExecuter, will wait for additional work",
2013-09-09 00:29:15.7968,Raven.Database.Indexing.WorkContext,Debug,EmberTinkererDB,"No work was found, workerWorkCounter: 1, for: IndexingExecuter, will wait for additional work",
2013-09-09 00:29:22.1448,Raven.Database.Server.HttpServer,Debug,,Request #  60: GET     -    27 ms - EmberTinkererDB - 200 - /stats?noCache=1902497374,
2013-09-09 00:29:38.3318,Raven.Database.Server.HttpServer,Debug,,Request #  61: GET     -    28 ms - EmberTinkererDB - 200 - /stats?noCache=112387327,
2013-09-09 00:31:11.5798,Raven.Database.Server.HttpServer,Debug,,Request #  62: GET     -    27 ms - EmberTinkererDB - 200 - /stats?noCache=-914296564,
2013-09-09 00:32:50.0023,Raven.Database.Server.HttpServer,Debug,,Request #  63: GET     -    34 ms - EmberTinkererDB - 200 - /stats?noCache=-897966846,
2013-09-09 00:33:48.8262,Raven.Database.Server.HttpServer,Debug,,Request #  64: GET     -    26 ms - EmberTinkererDB - 200 - /stats?noCache=-958178656,
2013-09-09 00:33:54.9108,Raven.Database.Server.HttpServer,Debug,,Request #  65: GET     -    28 ms - EmberTinkererDB - 200 - /stats?noCache=986843433,
2013-09-09 00:34:10.1213,Raven.Database.Server.HttpServer,Debug,,Request #  66: GET     -    29 ms - EmberTinkererDB - 200 - /stats?noCache=-502010987,
2013-09-09 00:34:56.9900,Raven.Database.Server.HttpServer,Debug,,Request #  67: GET     -    32 ms - EmberTinkererDB - 200 - /stats?noCache=-1565841228,
2013-09-09 00:36:05.0288,Raven.Database.Server.HttpServer,Debug,,Request #  68: GET     -    37 ms - EmberTinkererDB - 200 - /stats?noCache=918531536,
2013-09-09 00:37:18.1891,Raven.Database.Server.HttpServer,Debug,,Request #  69: GET     -    27 ms - EmberTinkererDB - 200 - /stats?noCache=2031149343,
2013-09-09 00:38:40.5063,Raven.Database.Server.HttpServer,Debug,,Request #  70: GET     -    32 ms - EmberTinkererDB - 200 - /stats?noCache=-1952249695,
2013-09-09 00:39:15.6589,Raven.Database.Indexing.WorkContext,Debug,<system>,"No work was found, workerWorkCounter: 3, for: ReducingExecuter, will wait for additional work",
2013-09-09 00:39:15.6589,Raven.Database.Indexing.WorkContext,Debug,,"No work was found, workerWorkCounter: 3, for: IndexingExecuter, will wait for additional work",
2013-09-09 00:39:15.8019,Raven.Database.Indexing.WorkContext,Debug,EmberTinkererDB,"No work was found, workerWorkCounter: 1, for: ReducingExecuter, will wait for additional work",
2013-09-09 00:39:15.8019,Raven.Database.Indexing.WorkContext,Debug,EmberTinkererDB,"No work was found, workerWorkCounter: 1, for: IndexingExecuter, will wait for additional work",
2013-09-09 00:40:33.0126,Raven.Database.Server.HttpServer,Debug,,Request #  71: GET     -    30 ms - EmberTinkererDB - 200 - /stats?noCache=1723866606,
2013-09-09 00:42:05.5408,Raven.Database.Server.HttpServer,Debug,,Request #  72: GET     -    31 ms - EmberTinkererDB - 200 - /stats?noCache=788877948,
2013-09-09 00:42:10.6464,Raven.Database.Server.HttpServer,Debug,,Request #  73: GET     -    53 ms - EmberTinkererDB - 200 - /stats?noCache=-797248514,
2013-09-09 00:42:16.6690,Raven.Database.Server.HttpServer,Debug,,Request #  74: GET     -    29 ms - EmberTinkererDB - 200 - /stats?noCache=-979479889,
2013-09-09 00:42:26.8390,Raven.Database.Server.HttpServer,Debug,,Request #  75: GET     -    33 ms - EmberTinkererDB - 200 - /stats?noCache=1617536548,
2013-09-09 00:42:38.9532,Raven.Database.Server.HttpServer,Debug,,Request #  76: GET     -    26 ms - EmberTinkererDB - 200 - /stats?noCache=1901949249,
2013-09-09 00:42:44.0707,Raven.Database.Server.HttpServer,Debug,,Request #  77: GET     -    35 ms - EmberTinkererDB - 200 - /stats?noCache=-103968211,
2013-09-09 00:42:54.2627,Raven.Database.Server.HttpServer,Debug,,Request #  78: GET     -    30 ms - EmberTinkererDB - 200 - /stats?noCache=-1391288973,
2013-09-09 00:42:59.3862,Raven.Database.Server.HttpServer,Debug,,Request #  79: GET     -    32 ms - EmberTinkererDB - 200 - /stats?noCache=-2029166651,
2013-09-09 00:43:15.5899,Raven.Database.Server.HttpServer,Debug,,Request #  80: GET     -    28 ms - EmberTinkererDB - 200 - /stats?noCache=661407088,
2013-09-09 00:45:19.4592,Raven.Database.Server.HttpServer,Debug,,Request #  81: GET     -    32 ms - EmberTinkererDB - 200 - /stats?noCache=-660921176,
2013-09-09 00:46:31.5804,Raven.Database.Server.HttpServer,Debug,,Request #  82: GET     -    30 ms - EmberTinkererDB - 200 - /stats?noCache=-1445018007,
2013-09-09 00:47:21.3024,Raven.Database.Server.HttpServer,Debug,,Request #  83: GET     -    29 ms - EmberTinkererDB - 200 - /stats?noCache=557705469,
2013-09-09 00:49:15.6849,Raven.Database.Indexing.WorkContext,Debug,<system>,"No work was found, workerWorkCounter: 3, for: ReducingExecuter, will wait for additional work",
2013-09-09 00:49:15.6849,Raven.Database.Indexing.WorkContext,Debug,,"No work was found, workerWorkCounter: 3, for: IndexingExecuter, will wait for additional work",
2013-09-09 00:49:15.8279,Raven.Database.Indexing.WorkContext,Debug,EmberTinkererDB,"No work was found, workerWorkCounter: 1, for: ReducingExecuter, will wait for additional work",
2013-09-09 00:49:15.8279,Raven.Database.Indexing.WorkContext,Debug,EmberTinkererDB,"No work was found, workerWorkCounter: 1, for: IndexingExecuter, will wait for additional work",
2013-09-09 00:50:08.2571,Raven.Database.Server.HttpServer,Debug,,Request #  84: GET     -    28 ms - EmberTinkererDB - 200 - /stats?noCache=1139124405,
2013-09-09 00:52:36.3459,Raven.Database.Server.HttpServer,Debug,,Request #  85: GET     -    45 ms - EmberTinkererDB - 200 - /stats?noCache=721478939,
2013-09-09 00:55:10.9884,Raven.Database.Server.HttpServer,Debug,,Request #  86: GET     -    28 ms - EmberTinkererDB - 200 - /stats?noCache=-328681695,
2013-09-09 00:55:38.3251,Raven.Database.Server.HttpServer,Debug,,Request #  87: GET     -    29 ms - EmberTinkererDB - 200 - /stats?noCache=359426548,
2013-09-09 00:56:26.0659,Raven.Database.Server.HttpServer,Debug,,Request #  88: GET     -    33 ms - EmberTinkererDB - 200 - /stats?noCache=373747706,
2013-09-09 00:57:23.8177,Raven.Database.Server.HttpServer,Debug,,Request #  89: GET     -    29 ms - EmberTinkererDB - 200 - /stats?noCache=422434375,
2013-09-09 00:58:05.3568,Raven.Database.Server.HttpServer,Debug,,Request #  90: GET     -    26 ms - EmberTinkererDB - 200 - /stats?noCache=2132698382,
2013-09-09 00:58:53.0026,Raven.Database.Server.HttpServer,Debug,,Request #  91: GET     -    27 ms - EmberTinkererDB - 200 - /stats?noCache=-1686683510,
2013-09-09 00:59:15.7109,Raven.Database.Indexing.WorkContext,Debug,<system>,"No work was found, workerWorkCounter: 3, for: ReducingExecuter, will wait for additional work",
2013-09-09 00:59:15.7109,Raven.Database.Indexing.WorkContext,Debug,,"No work was found, workerWorkCounter: 3, for: IndexingExecuter, will wait for additional work",
2013-09-09 00:59:15.8539,Raven.Database.Indexing.WorkContext,Debug,EmberTinkererDB,"No work was found, workerWorkCounter: 1, for: ReducingExecuter, will wait for additional work",
2013-09-09 00:59:15.8539,Raven.Database.Indexing.WorkContext,Debug,EmberTinkererDB,"No work was found, workerWorkCounter: 1, for: IndexingExecuter, will wait for additional work",
2013-09-09 00:59:18.4171,Raven.Database.Server.HttpServer,Debug,,Request #  92: GET     -    28 ms - EmberTinkererDB - 200 - /stats?noCache=-343728246,
2013-09-09 00:59:39.7463,Raven.Database.Server.HttpServer,Debug,,Request #  93: GET     -    41 ms - EmberTinkererDB - 200 - /stats?noCache=-982714309,
2013-09-09 01:00:12.1215,Raven.Database.Server.HttpServer,Debug,,Request #  94: GET     -    34 ms - EmberTinkererDB - 200 - /stats?noCache=-1681269029,
2013-09-09 01:01:03.8777,Raven.Database.Server.HttpServer,Debug,,Request #  95: GET     -    27 ms - EmberTinkererDB - 200 - /stats?noCache=-1589984138,
2013-09-09 01:01:08.9892,Raven.Database.Server.HttpServer,Debug,,Request #  96: GET     -    30 ms - EmberTinkererDB - 200 - /stats?noCache=-2053432983,
2013-09-09 01:04:42.1975,Raven.Database.Server.HttpServer,Debug,,Request #  97: GET     -    29 ms - EmberTinkererDB - 200 - /stats?noCache=1931193264,
2013-09-09 01:05:18.8232,Raven.Database.Server.HttpServer,Debug,,Request #  98: GET     -    32 ms - EmberTinkererDB - 200 - /stats?noCache=470732886,
2013-09-09 01:05:35.1338,Raven.Database.Server.HttpServer,Debug,,Request #  99: GET     -    46 ms - EmberTinkererDB - 200 - /stats?noCache=-990963892,
2013-09-09 01:08:29.9113,Raven.Database.Server.HttpServer,Debug,,Request # 100: GET     -    37 ms - EmberTinkererDB - 200 - /stats?noCache=1564760295,
2013-09-09 01:09:15.7369,Raven.Database.Indexing.WorkContext,Debug,<system>,"No work was found, workerWorkCounter: 3, for: ReducingExecuter, will wait for additional work",
2013-09-09 01:09:15.7369,Raven.Database.Indexing.WorkContext,Debug,,"No work was found, workerWorkCounter: 3, for: IndexingExecuter, will wait for additional work",
2013-09-09 01:09:15.8799,Raven.Database.Indexing.WorkContext,Debug,EmberTinkererDB,"No work was found, workerWorkCounter: 1, for: ReducingExecuter, will wait for additional work",
2013-09-09 01:09:15.8799,Raven.Database.Indexing.WorkContext,Debug,EmberTinkererDB,"No work was found, workerWorkCounter: 1, for: IndexingExecuter, will wait for additional work",
2013-09-09 01:10:31.7305,Raven.Database.Server.HttpServer,Debug,,Request # 101: GET     -    26 ms - EmberTinkererDB - 200 - /stats?noCache=-1148699924,
2013-09-09 01:14:57.7571,Raven.Database.Server.HttpServer,Debug,,Request # 102: GET     -    30 ms - EmberTinkererDB - 200 - /stats?noCache=1064605391,
2013-09-09 01:15:30.3033,Raven.Database.Server.HttpServer,Debug,,Request # 103: GET     -    30 ms - EmberTinkererDB - 200 - /stats?noCache=-897209224,
2013-09-09 01:16:33.2476,Raven.Database.Server.HttpServer,Debug,,Request # 104: GET     -    38 ms - EmberTinkererDB - 200 - /stats?noCache=1470687794,
2013-09-09 01:19:15.7628,Raven.Database.Indexing.WorkContext,Debug,<system>,"No work was found, workerWorkCounter: 3, for: ReducingExecuter, will wait for additional work",
2013-09-09 01:19:15.7628,Raven.Database.Indexing.WorkContext,Debug,,"No work was found, workerWorkCounter: 3, for: IndexingExecuter, will wait for additional work",
2013-09-09 01:19:15.9059,Raven.Database.Indexing.WorkContext,Debug,EmberTinkererDB,"No work was found, workerWorkCounter: 1, for: ReducingExecuter, will wait for additional work",
2013-09-09 01:19:15.9059,Raven.Database.Indexing.WorkContext,Debug,EmberTinkererDB,"No work was found, workerWorkCounter: 1, for: IndexingExecuter, will wait for additional work",
2013-09-09 01:19:55.2798,Raven.Database.Server.HttpServer,Debug,,Request # 105: GET     -    45 ms - EmberTinkererDB - 200 - /stats?noCache=2097224161,
2013-09-09 01:20:12.5755,Raven.Database.Server.HttpServer,Debug,,Request # 106: GET     -    26 ms - EmberTinkererDB - 200 - /stats?noCache=1601332100,
2013-09-09 01:20:23.6076,Raven.Database.Server.HttpServer,Debug,,Request # 107: GET     -    26 ms - EmberTinkererDB - 200 - /stats?noCache=587083198,
2013-09-09 01:20:38.8492,Raven.Database.Server.HttpServer,Debug,,Request # 108: GET     -    29 ms - EmberTinkererDB - 200 - /stats?noCache=67768119,
2013-09-09 01:20:56.0349,Raven.Database.Server.HttpServer,Debug,,Request # 109: GET     -    33 ms - EmberTinkererDB - 200 - /stats?noCache=1594398988,
2013-09-09 01:22:55.3268,Raven.Database.Server.HttpServer,Debug,,Request # 110: GET     -    27 ms - EmberTinkererDB - 200 - /stats?noCache=46583348,
2013-09-09 01:23:15.7838,Raven.Database.Server.HttpServer,Debug,,Request # 111: GET     -    45 ms - EmberTinkererDB - 200 - /stats?noCache=-1637152513,
2013-09-09 01:23:53.2766,Raven.Database.Server.HttpServer,Debug,,Request # 112: GET     -    34 ms - EmberTinkererDB - 200 - /stats?noCache=989021632,
2013-09-09 01:24:14.5327,Raven.Database.Server.HttpServer,Debug,,Request # 113: GET     -    26 ms - EmberTinkererDB - 200 - /stats?noCache=-1259929430,
2013-09-09 01:24:56.1579,Raven.Database.Server.HttpServer,Debug,,Request # 114: GET     -    27 ms - EmberTinkererDB - 200 - /stats?noCache=-475386288,
2013-09-09 01:25:42.9306,Raven.Database.Server.HttpServer,Debug,,Request # 115: GET     -    32 ms - EmberTinkererDB - 200 - /stats?noCache=-1252718505,
2013-09-09 01:26:00.1203,Raven.Database.Server.HttpServer,Debug,,Request # 116: GET     -    26 ms - EmberTinkererDB - 200 - /stats?noCache=-468677695,
2013-09-09 01:26:05.3468,Raven.Database.Server.HttpServer,Debug,,Request # 117: GET     -    28 ms - EmberTinkererDB - 200 - /stats?noCache=1433345016,
2013-09-09 01:26:42.8105,Raven.Database.Server.HttpServer,Debug,,Request # 118: GET     -    32 ms - EmberTinkererDB - 200 - /stats?noCache=-708461752,
2013-09-09 01:27:03.1646,Raven.Database.Server.HttpServer,Debug,,Request # 119: GET     -    30 ms - EmberTinkererDB - 200 - /stats?noCache=-938465188,
2013-09-09 01:27:39.6692,Raven.Database.Server.HttpServer,Debug,,Request # 120: GET     -    27 ms - EmberTinkererDB - 200 - /stats?noCache=1263278043,
2013-09-09 01:28:06.9570,Raven.Database.Server.HttpServer,Debug,,Request # 121: GET     -    26 ms - EmberTinkererDB - 200 - /stats?noCache=-18658424,
2013-09-09 01:28:12.1215,Raven.Database.Server.HttpServer,Debug,,Request # 122: GET     -    32 ms - EmberTinkererDB - 200 - /stats?noCache=-27123294,
2013-09-09 01:28:32.4625,Raven.Database.Server.HttpServer,Debug,,Request # 123: GET     -    28 ms - EmberTinkererDB - 200 - /stats?noCache=2007092882,
2013-09-09 01:29:15.7888,Raven.Database.Indexing.WorkContext,Debug,<system>,"No work was found, workerWorkCounter: 3, for: ReducingExecuter, will wait for additional work",
2013-09-09 01:29:15.7888,Raven.Database.Indexing.WorkContext,Debug,,"No work was found, workerWorkCounter: 3, for: IndexingExecuter, will wait for additional work",
2013-09-09 01:29:15.9319,Raven.Database.Indexing.WorkContext,Debug,EmberTinkererDB,"No work was found, workerWorkCounter: 1, for: ReducingExecuter, will wait for additional work",
2013-09-09 01:29:15.9319,Raven.Database.Indexing.WorkContext,Debug,EmberTinkererDB,"No work was found, workerWorkCounter: 1, for: IndexingExecuter, will wait for additional work",
2013-09-09 01:29:38.3851,Raven.Database.Server.HttpServer,Debug,,Request # 124: GET     -    29 ms - EmberTinkererDB - 200 - /stats?noCache=619278207,
2013-09-09 01:30:08.8181,Raven.Database.Server.HttpServer,Debug,,Request # 125: GET     -    34 ms - EmberTinkererDB - 200 - /stats?noCache=-740159674,
2013-09-09 01:33:38.9802,Raven.Database.Server.HttpServer,Debug,,Request # 126: GET     -    37 ms - EmberTinkererDB - 200 - /stats?noCache=1662470036,
2013-09-09 01:34:57.3020,Raven.Database.Server.HttpServer,Debug,,Request # 127: GET     -    31 ms - EmberTinkererDB - 200 - /stats?noCache=1102144857,
2013-09-09 01:35:44.0177,Raven.Database.Server.HttpServer,Debug,,Request # 128: GET     -    33 ms - EmberTinkererDB - 200 - /stats?noCache=-692111360,
2013-09-09 01:36:21.5284,Raven.Database.Server.HttpServer,Debug,,Request # 129: GET     -    30 ms - EmberTinkererDB - 200 - /stats?noCache=-506824795,
2013-09-09 01:36:31.6714,Raven.Database.Server.HttpServer,Debug,,Request # 130: GET     -    28 ms - EmberTinkererDB - 200 - /stats?noCache=1368409516,
2013-09-09 01:37:33.5206,Raven.Database.Server.HttpServer,Debug,,Request # 131: GET     -    26 ms - EmberTinkererDB - 200 - /stats?noCache=1974481001,
2013-09-09 01:37:43.6696,Raven.Database.Server.HttpServer,Debug,,Request # 132: GET     -    26 ms - EmberTinkererDB - 200 - /stats?noCache=-815130597,
2013-09-09 01:37:53.9757,Raven.Database.Server.HttpServer,Debug,,Request # 133: GET     -   105 ms - EmberTinkererDB - 200 - /stats?noCache=-1139142459,
2013-09-09 01:39:15.8188,Raven.Database.Indexing.WorkContext,Debug,<system>,"No work was found, workerWorkCounter: 3, for: ReducingExecuter, will wait for additional work",
2013-09-09 01:39:15.8188,Raven.Database.Indexing.WorkContext,Debug,,"No work was found, workerWorkCounter: 3, for: IndexingExecuter, will wait for additional work",
2013-09-09 01:39:15.9579,Raven.Database.Indexing.WorkContext,Debug,EmberTinkererDB,"No work was found, workerWorkCounter: 1, for: ReducingExecuter, will wait for additional work",
2013-09-09 01:39:15.9579,Raven.Database.Indexing.WorkContext,Debug,EmberTinkererDB,"No work was found, workerWorkCounter: 1, for: IndexingExecuter, will wait for additional work",
2013-09-09 01:39:37.7030,Raven.Database.Server.HttpServer,Debug,,Request # 134: GET     -    73 ms - EmberTinkererDB - 200 - /stats?noCache=-975275938,
2013-09-09 01:40:04.9748,Raven.Database.Server.HttpServer,Debug,,Request # 135: GET     -    41 ms - EmberTinkererDB - 200 - /stats?noCache=-673339242,
2013-09-09 01:40:22.1995,Raven.Database.Server.HttpServer,Debug,,Request # 136: GET     -    26 ms - EmberTinkererDB - 200 - /stats?noCache=617501209,
2013-09-09 01:40:28.2861,Raven.Database.Server.HttpServer,Debug,,Request # 137: GET     -    33 ms - EmberTinkererDB - 200 - /stats?noCache=-1759098761,
2013-09-09 01:41:17.2350,Raven.Database.Server.HttpServer,Debug,,Request # 138: GET     -    56 ms - EmberTinkererDB - 200 - /stats?noCache=1699108307,
2013-09-09 01:41:23.2596,Raven.Database.Server.HttpServer,Debug,,Request # 139: GET     -    37 ms - EmberTinkererDB - 200 - /stats?noCache=-1848239589,
2013-09-09 01:41:54.6797,Raven.Database.Server.HttpServer,Debug,,Request # 140: GET     -    26 ms - EmberTinkererDB - 200 - /stats?noCache=1388368696,
2013-09-09 01:42:47.5460,Raven.Database.Server.HttpServer,Debug,,Request # 141: GET     -    29 ms - EmberTinkererDB - 200 - /stats?noCache=-115722610,
2013-09-09 01:43:39.3502,Raven.Database.Server.HttpServer,Debug,,Request # 142: GET     -    27 ms - EmberTinkererDB - 200 - /stats?noCache=1346388154,
2013-09-09 01:43:59.7082,Raven.Database.Server.HttpServer,Debug,,Request # 143: GET     -    27 ms - EmberTinkererDB - 200 - /stats?noCache=211333667,
2013-09-09 01:46:51.1834,Raven.Database.Server.HttpServer,Debug,,Request # 144: GET     -    34 ms - EmberTinkererDB - 200 - /stats?noCache=-2121723301,
2013-09-09 01:48:31.0574,Raven.Database.Server.HttpServer,Debug,,Request # 145: GET     -    28 ms - EmberTinkererDB - 200 - /stats?noCache=1129485119,
2013-09-09 01:48:52.4115,Raven.Database.Server.HttpServer,Debug,,Request # 146: GET     -    26 ms - EmberTinkererDB - 200 - /stats?noCache=1486131840,
2013-09-09 01:49:15.8458,Raven.Database.Indexing.WorkContext,Debug,<system>,"No work was found, workerWorkCounter: 3, for: ReducingExecuter, will wait for additional work",
2013-09-09 01:49:15.8458,Raven.Database.Indexing.WorkContext,Debug,,"No work was found, workerWorkCounter: 3, for: IndexingExecuter, will wait for additional work",
2013-09-09 01:49:15.9839,Raven.Database.Indexing.WorkContext,Debug,EmberTinkererDB,"No work was found, workerWorkCounter: 1, for: ReducingExecuter, will wait for additional work",
2013-09-09 01:49:15.9839,Raven.Database.Indexing.WorkContext,Debug,EmberTinkererDB,"No work was found, workerWorkCounter: 1, for: IndexingExecuter, will wait for additional work",
2013-09-09 01:50:27.8720,Raven.Database.Server.HttpServer,Debug,,Request # 147: GET     -    26 ms - EmberTinkererDB - 200 - /stats?noCache=1647370754,
2013-09-09 01:50:45.1948,Raven.Database.Server.HttpServer,Debug,,Request # 148: GET     -    59 ms - EmberTinkererDB - 200 - /stats?noCache=-1181098498,
2013-09-09 01:51:06.5609,Raven.Database.Server.HttpServer,Debug,,Request # 149: GET     -    27 ms - EmberTinkererDB - 200 - /stats?noCache=682852662,
2013-09-09 01:51:33.0656,Raven.Database.Server.HttpServer,Debug,,Request # 150: GET     -    26 ms - EmberTinkererDB - 200 - /stats?noCache=451175766,
2013-09-09 01:52:08.6481,Raven.Database.Server.HttpServer,Debug,,Request # 151: GET     -    26 ms - EmberTinkererDB - 200 - /stats?noCache=-560372766,
2013-09-09 01:52:13.8336,Raven.Database.Server.HttpServer,Debug,,Request # 152: GET     -    71 ms - EmberTinkererDB - 200 - /stats?noCache=-1651743757,
2013-09-09 01:53:31.0604,Raven.Database.Server.HttpServer,Debug,,Request # 153: GET     -    28 ms - EmberTinkererDB - 200 - /stats?noCache=-598178898,
2013-09-09 01:53:47.3030,Raven.Database.Server.HttpServer,Debug,,Request # 154: GET     -    29 ms - EmberTinkererDB - 200 - /stats?noCache=193103009,
2013-09-09 01:55:01.8344,Raven.Database.Server.HttpServer,Debug,,Request # 155: GET     -    31 ms - EmberTinkererDB - 200 - /stats?noCache=-759653822,
2013-09-09 01:57:00.2203,Raven.Database.Server.HttpServer,Debug,,Request # 156: GET     -    49 ms - EmberTinkererDB - 200 - /stats?noCache=-447507717,
2013-09-09 01:57:42.1665,Raven.Database.Server.HttpServer,Debug,,Request # 157: GET     -    33 ms - EmberTinkererDB - 200 - /stats?noCache=2071448934,
2013-09-09 01:57:53.4606,Raven.Database.Server.HttpServer,Debug,,Request # 158: GET     -    31 ms - EmberTinkererDB - 200 - /stats?noCache=-1906675582,
2013-09-09 01:59:15.8718,Raven.Database.Indexing.WorkContext,Debug,<system>,"No work was found, workerWorkCounter: 3, for: ReducingExecuter, will wait for additional work",
2013-09-09 01:59:15.8718,Raven.Database.Indexing.WorkContext,Debug,,"No work was found, workerWorkCounter: 3, for: IndexingExecuter, will wait for additional work",
2013-09-09 01:59:16.0098,Raven.Database.Indexing.WorkContext,Debug,EmberTinkererDB,"No work was found, workerWorkCounter: 1, for: ReducingExecuter, will wait for additional work",
2013-09-09 01:59:16.0098,Raven.Database.Indexing.WorkContext,Debug,EmberTinkererDB,"No work was found, workerWorkCounter: 1, for: IndexingExecuter, will wait for additional work",
2013-09-09 01:59:35.7978,Raven.Database.Server.HttpServer,Debug,,Request # 159: GET     -    35 ms - EmberTinkererDB - 200 - /stats?noCache=315370947,
